2017-11-08T10:04:54.609Z :: Mozilla/5.0 (Windows NT 6.1; WOW64) AppleWebKit/537.36 (KHTML, like Gecko) Chrome/60.0.3112.113 Safari/537.36 :: ::1 :: GET :: / :: 200 :: 9.554 ms
2017-11-08T10:04:54.821Z :: Mozilla/5.0 (Windows NT 6.1; WOW64) AppleWebKit/537.36 (KHTML, like Gecko) Chrome/60.0.3112.113 Safari/537.36 :: ::1 :: GET :: /favicon.ico :: 500 :: 6.804 ms
2017-11-08T10:46:17.997Z :: Mozilla/5.0 (Windows NT 6.1; WOW64) AppleWebKit/537.36 (KHTML, like Gecko) Chrome/60.0.3112.113 Safari/537.36 :: ::1 :: GET :: / :: 500 :: 52.570 ms
2017-11-08T10:46:18.204Z :: Mozilla/5.0 (Windows NT 6.1; WOW64) AppleWebKit/537.36 (KHTML, like Gecko) Chrome/60.0.3112.113 Safari/537.36 :: ::1 :: GET :: /favicon.ico :: 500 :: 2.196 ms
2017-11-08T11:01:29.089Z :: Mozilla/5.0 (Windows NT 6.1; WOW64) AppleWebKit/537.36 (KHTML, like Gecko) Chrome/60.0.3112.113 Safari/537.36 :: ::1 :: GET :: / :: 500 :: 27.671 ms
2017-11-08T11:01:29.252Z :: Mozilla/5.0 (Windows NT 6.1; WOW64) AppleWebKit/537.36 (KHTML, like Gecko) Chrome/60.0.3112.113 Safari/537.36 :: ::1 :: GET :: /favicon.ico :: 404 :: 2.170 ms
2017-11-08T11:01:30.596Z :: Mozilla/5.0 (Windows NT 6.1; WOW64) AppleWebKit/537.36 (KHTML, like Gecko) Chrome/60.0.3112.113 Safari/537.36 :: ::1 :: GET :: / :: 500 :: 4.087 ms
2017-11-08T11:12:48.548Z :: Mozilla/5.0 (Windows NT 6.1; WOW64) AppleWebKit/537.36 (KHTML, like Gecko) Chrome/60.0.3112.113 Safari/537.36 :: ::1 :: GET :: / :: 500 :: 32.543 ms
2017-11-08T11:12:50.230Z :: Mozilla/5.0 (Windows NT 6.1; WOW64) AppleWebKit/537.36 (KHTML, like Gecko) Chrome/60.0.3112.113 Safari/537.36 :: ::1 :: GET :: / :: 500 :: 4.332 ms
2017-11-08T11:12:51.203Z :: Mozilla/5.0 (Windows NT 6.1; WOW64) AppleWebKit/537.36 (KHTML, like Gecko) Chrome/60.0.3112.113 Safari/537.36 :: ::1 :: GET :: / :: 500 :: 2.680 ms
2017-11-08T11:12:52.145Z :: Mozilla/5.0 (Windows NT 6.1; WOW64) AppleWebKit/537.36 (KHTML, like Gecko) Chrome/60.0.3112.113 Safari/537.36 :: ::1 :: GET :: / :: 500 :: 3.774 ms
2017-11-08T11:29:39.638Z :: Mozilla/5.0 (Windows NT 6.1; WOW64) AppleWebKit/537.36 (KHTML, like Gecko) Chrome/60.0.3112.113 Safari/537.36 :: ::1 :: GET :: / :: 200 :: 39.516 ms
2017-11-08T11:29:39.701Z :: Mozilla/5.0 (Windows NT 6.1; WOW64) AppleWebKit/537.36 (KHTML, like Gecko) Chrome/60.0.3112.113 Safari/537.36 :: ::1 :: GET :: /static/js/bootstrap.min.js :: 200 :: 34.877 ms
2017-11-08T11:29:39.716Z :: Mozilla/5.0 (Windows NT 6.1; WOW64) AppleWebKit/537.36 (KHTML, like Gecko) Chrome/60.0.3112.113 Safari/537.36 :: ::1 :: GET :: /static/js/bootstrap-datetimepicker.min.js :: 200 :: 42.829 ms
2017-11-08T11:29:39.718Z :: Mozilla/5.0 (Windows NT 6.1; WOW64) AppleWebKit/537.36 (KHTML, like Gecko) Chrome/60.0.3112.113 Safari/537.36 :: ::1 :: GET :: /static/css/bootstrap.min.css :: 200 :: 36.595 ms
2017-11-08T11:29:39.724Z :: Mozilla/5.0 (Windows NT 6.1; WOW64) AppleWebKit/537.36 (KHTML, like Gecko) Chrome/60.0.3112.113 Safari/537.36 :: ::1 :: GET :: /static/css/bootstrap-datetimepicker.min.css :: 200 :: 51.593 ms
2017-11-08T11:29:39.757Z :: Mozilla/5.0 (Windows NT 6.1; WOW64) AppleWebKit/537.36 (KHTML, like Gecko) Chrome/60.0.3112.113 Safari/537.36 :: ::1 :: GET :: /static/img/liyu.png :: 200 :: 1.386 ms
2017-11-08T11:30:27.331Z :: Mozilla/5.0 (Windows NT 6.1; WOW64) AppleWebKit/537.36 (KHTML, like Gecko) Chrome/60.0.3112.113 Safari/537.36 :: ::1 :: GET :: / :: 500 :: 37.585 ms
2017-11-08T11:31:21.581Z :: Mozilla/5.0 (Windows NT 6.1; WOW64) AppleWebKit/537.36 (KHTML, like Gecko) Chrome/60.0.3112.113 Safari/537.36 :: ::1 :: GET :: / :: 500 :: 35.821 ms
2017-11-08T11:31:23.403Z :: Mozilla/5.0 (Windows NT 6.1; WOW64) AppleWebKit/537.36 (KHTML, like Gecko) Chrome/60.0.3112.113 Safari/537.36 :: ::1 :: GET :: / :: 500 :: 7.511 ms
2017-11-08T11:34:06.854Z :: Mozilla/5.0 (Windows NT 6.1; WOW64) AppleWebKit/537.36 (KHTML, like Gecko) Chrome/60.0.3112.113 Safari/537.36 :: ::1 :: GET :: / :: 500 :: 34.959 ms
2017-11-08T11:34:07.987Z :: Mozilla/5.0 (Windows NT 6.1; WOW64) AppleWebKit/537.36 (KHTML, like Gecko) Chrome/60.0.3112.113 Safari/537.36 :: ::1 :: GET :: / :: 500 :: 8.050 ms
2017-11-08T11:34:09.177Z :: Mozilla/5.0 (Windows NT 6.1; WOW64) AppleWebKit/537.36 (KHTML, like Gecko) Chrome/60.0.3112.113 Safari/537.36 :: ::1 :: GET :: / :: 500 :: 7.296 ms
2017-11-08T11:35:47.772Z :: Mozilla/5.0 (Windows NT 6.1; WOW64) AppleWebKit/537.36 (KHTML, like Gecko) Chrome/60.0.3112.113 Safari/537.36 :: ::1 :: GET :: / :: 500 :: 35.243 ms
2017-11-08T11:35:48.862Z :: Mozilla/5.0 (Windows NT 6.1; WOW64) AppleWebKit/537.36 (KHTML, like Gecko) Chrome/60.0.3112.113 Safari/537.36 :: ::1 :: GET :: / :: 500 :: 7.864 ms
2017-11-08T11:35:49.627Z :: Mozilla/5.0 (Windows NT 6.1; WOW64) AppleWebKit/537.36 (KHTML, like Gecko) Chrome/60.0.3112.113 Safari/537.36 :: ::1 :: GET :: / :: 500 :: 6.351 ms
2017-11-08T11:39:04.910Z :: Mozilla/5.0 (Windows NT 6.1; WOW64) AppleWebKit/537.36 (KHTML, like Gecko) Chrome/60.0.3112.113 Safari/537.36 :: ::1 :: GET :: / :: 500 :: 34.241 ms
2017-11-08T11:39:05.792Z :: Mozilla/5.0 (Windows NT 6.1; WOW64) AppleWebKit/537.36 (KHTML, like Gecko) Chrome/60.0.3112.113 Safari/537.36 :: ::1 :: GET :: / :: 500 :: 5.325 ms
2017-11-08T11:39:05.973Z :: Mozilla/5.0 (Windows NT 6.1; WOW64) AppleWebKit/537.36 (KHTML, like Gecko) Chrome/60.0.3112.113 Safari/537.36 :: ::1 :: GET :: / :: 500 :: 4.374 ms
2017-11-08T11:39:06.171Z :: Mozilla/5.0 (Windows NT 6.1; WOW64) AppleWebKit/537.36 (KHTML, like Gecko) Chrome/60.0.3112.113 Safari/537.36 :: ::1 :: GET :: / :: 500 :: 4.022 ms
2017-11-08T11:39:06.339Z :: Mozilla/5.0 (Windows NT 6.1; WOW64) AppleWebKit/537.36 (KHTML, like Gecko) Chrome/60.0.3112.113 Safari/537.36 :: ::1 :: GET :: / :: 500 :: 3.802 ms
2017-11-08T11:39:06.499Z :: Mozilla/5.0 (Windows NT 6.1; WOW64) AppleWebKit/537.36 (KHTML, like Gecko) Chrome/60.0.3112.113 Safari/537.36 :: ::1 :: GET :: / :: 500 :: 3.475 ms
2017-11-08T11:39:06.678Z :: Mozilla/5.0 (Windows NT 6.1; WOW64) AppleWebKit/537.36 (KHTML, like Gecko) Chrome/60.0.3112.113 Safari/537.36 :: ::1 :: GET :: / :: 500 :: 6.083 ms
2017-11-08T11:39:06.845Z :: Mozilla/5.0 (Windows NT 6.1; WOW64) AppleWebKit/537.36 (KHTML, like Gecko) Chrome/60.0.3112.113 Safari/537.36 :: ::1 :: GET :: / :: 500 :: 5.105 ms
2017-11-08T11:39:07.052Z :: Mozilla/5.0 (Windows NT 6.1; WOW64) AppleWebKit/537.36 (KHTML, like Gecko) Chrome/60.0.3112.113 Safari/537.36 :: ::1 :: GET :: / :: 500 :: 4.024 ms
2017-11-08T11:39:07.218Z :: Mozilla/5.0 (Windows NT 6.1; WOW64) AppleWebKit/537.36 (KHTML, like Gecko) Chrome/60.0.3112.113 Safari/537.36 :: ::1 :: GET :: / :: 500 :: 7.869 ms
2017-11-08T11:39:07.450Z :: Mozilla/5.0 (Windows NT 6.1; WOW64) AppleWebKit/537.36 (KHTML, like Gecko) Chrome/60.0.3112.113 Safari/537.36 :: ::1 :: GET :: / :: 500 :: 10.740 ms
2017-11-08T11:39:07.915Z :: Mozilla/5.0 (Windows NT 6.1; WOW64) AppleWebKit/537.36 (KHTML, like Gecko) Chrome/60.0.3112.113 Safari/537.36 :: ::1 :: GET :: / :: 500 :: 3.757 ms
2017-11-08T11:39:08.814Z :: Mozilla/5.0 (Windows NT 6.1; WOW64) AppleWebKit/537.36 (KHTML, like Gecko) Chrome/60.0.3112.113 Safari/537.36 :: ::1 :: GET :: / :: 500 :: 3.818 ms
2017-11-08T11:41:05.186Z :: Mozilla/5.0 (Windows NT 6.1; WOW64) AppleWebKit/537.36 (KHTML, like Gecko) Chrome/60.0.3112.113 Safari/537.36 :: ::1 :: GET :: / :: 500 :: 37.901 ms
2017-11-08T11:41:06.063Z :: Mozilla/5.0 (Windows NT 6.1; WOW64) AppleWebKit/537.36 (KHTML, like Gecko) Chrome/60.0.3112.113 Safari/537.36 :: ::1 :: GET :: / :: 500 :: 5.819 ms
2017-11-08T11:41:06.253Z :: Mozilla/5.0 (Windows NT 6.1; WOW64) AppleWebKit/537.36 (KHTML, like Gecko) Chrome/60.0.3112.113 Safari/537.36 :: ::1 :: GET :: / :: 500 :: 4.726 ms
2017-11-08T11:41:06.425Z :: Mozilla/5.0 (Windows NT 6.1; WOW64) AppleWebKit/537.36 (KHTML, like Gecko) Chrome/60.0.3112.113 Safari/537.36 :: ::1 :: GET :: / :: 500 :: 2.575 ms
2017-11-08T11:41:06.600Z :: Mozilla/5.0 (Windows NT 6.1; WOW64) AppleWebKit/537.36 (KHTML, like Gecko) Chrome/60.0.3112.113 Safari/537.36 :: ::1 :: GET :: / :: 500 :: 3.152 ms
2017-11-08T11:41:55.131Z :: Mozilla/5.0 (Windows NT 6.1; WOW64) AppleWebKit/537.36 (KHTML, like Gecko) Chrome/60.0.3112.113 Safari/537.36 :: ::1 :: GET :: / :: 200 :: 40.584 ms
2017-11-08T11:41:55.194Z :: Mozilla/5.0 (Windows NT 6.1; WOW64) AppleWebKit/537.36 (KHTML, like Gecko) Chrome/60.0.3112.113 Safari/537.36 :: ::1 :: GET :: /static/js/bootstrap.min.js :: 304 :: 34.979 ms
2017-11-08T11:41:55.196Z :: Mozilla/5.0 (Windows NT 6.1; WOW64) AppleWebKit/537.36 (KHTML, like Gecko) Chrome/60.0.3112.113 Safari/537.36 :: ::1 :: GET :: /static/js/bootstrap-datetimepicker.min.js :: 304 :: 35.130 ms
2017-11-08T11:41:55.197Z :: Mozilla/5.0 (Windows NT 6.1; WOW64) AppleWebKit/537.36 (KHTML, like Gecko) Chrome/60.0.3112.113 Safari/537.36 :: ::1 :: GET :: /static/css/bootstrap.min.css :: 304 :: 36.008 ms
2017-11-08T11:41:55.201Z :: Mozilla/5.0 (Windows NT 6.1; WOW64) AppleWebKit/537.36 (KHTML, like Gecko) Chrome/60.0.3112.113 Safari/537.36 :: ::1 :: GET :: /static/css/bootstrap-datetimepicker.min.css :: 304 :: 37.068 ms
2017-11-08T11:41:55.208Z :: Mozilla/5.0 (Windows NT 6.1; WOW64) AppleWebKit/537.36 (KHTML, like Gecko) Chrome/60.0.3112.113 Safari/537.36 :: ::1 :: GET :: /static/img/liyu.png :: 304 :: 2.664 ms
2017-11-08T11:42:21.106Z :: Mozilla/5.0 (Windows NT 6.1; WOW64) AppleWebKit/537.36 (KHTML, like Gecko) Chrome/60.0.3112.113 Safari/537.36 :: ::1 :: GET :: /static/css/bootstrap.min.css :: 304 :: 4.965 ms
2017-11-08T11:42:21.109Z :: Mozilla/5.0 (Windows NT 6.1; WOW64) AppleWebKit/537.36 (KHTML, like Gecko) Chrome/60.0.3112.113 Safari/537.36 :: ::1 :: GET :: /static/css/bootstrap-datetimepicker.min.css :: 304 :: 7.917 ms
2017-11-08T11:42:21.223Z :: Mozilla/5.0 (Windows NT 6.1; WOW64) AppleWebKit/537.36 (KHTML, like Gecko) Chrome/60.0.3112.113 Safari/537.36 :: ::1 :: GET :: /static/css/bootstrap.min.css.map :: 200 :: 26.565 ms
2017-11-08T11:43:11.442Z :: Mozilla/5.0 (Windows NT 6.1; WOW64) AppleWebKit/537.36 (KHTML, like Gecko) Chrome/60.0.3112.113 Safari/537.36 :: ::1 :: GET :: / :: 200 :: 35.282 ms
2017-11-08T11:43:11.499Z :: Mozilla/5.0 (Windows NT 6.1; WOW64) AppleWebKit/537.36 (KHTML, like Gecko) Chrome/60.0.3112.113 Safari/537.36 :: ::1 :: GET :: /static/js/bootstrap.min.js :: 304 :: 11.397 ms
2017-11-08T11:43:11.508Z :: Mozilla/5.0 (Windows NT 6.1; WOW64) AppleWebKit/537.36 (KHTML, like Gecko) Chrome/60.0.3112.113 Safari/537.36 :: ::1 :: GET :: /static/js/bootstrap-datetimepicker.min.js :: 304 :: 16.283 ms
2017-11-08T11:43:11.512Z :: Mozilla/5.0 (Windows NT 6.1; WOW64) AppleWebKit/537.36 (KHTML, like Gecko) Chrome/60.0.3112.113 Safari/537.36 :: ::1 :: GET :: /static/css/bootstrap.min.css :: 304 :: 22.897 ms
2017-11-08T11:43:11.514Z :: Mozilla/5.0 (Windows NT 6.1; WOW64) AppleWebKit/537.36 (KHTML, like Gecko) Chrome/60.0.3112.113 Safari/537.36 :: ::1 :: GET :: /static/css/bootstrap-datetimepicker.min.css :: 304 :: 4.370 ms
2017-11-08T11:43:11.743Z :: Mozilla/5.0 (Windows NT 6.1; WOW64) AppleWebKit/537.36 (KHTML, like Gecko) Chrome/60.0.3112.113 Safari/537.36 :: ::1 :: GET :: /static/css/bootstrap.min.css.map :: 304 :: 1.380 ms
2017-11-08T11:43:51.198Z :: Mozilla/5.0 (Windows NT 6.1; WOW64) AppleWebKit/537.36 (KHTML, like Gecko) Chrome/60.0.3112.113 Safari/537.36 :: ::1 :: GET :: / :: 200 :: 41.512 ms
2017-11-08T11:43:51.241Z :: Mozilla/5.0 (Windows NT 6.1; WOW64) AppleWebKit/537.36 (KHTML, like Gecko) Chrome/60.0.3112.113 Safari/537.36 :: ::1 :: GET :: /static/js/bootstrap.min.js :: 304 :: 6.461 ms
2017-11-08T11:43:51.248Z :: Mozilla/5.0 (Windows NT 6.1; WOW64) AppleWebKit/537.36 (KHTML, like Gecko) Chrome/60.0.3112.113 Safari/537.36 :: ::1 :: GET :: /static/css/bootstrap.min.css :: 304 :: 12.149 ms
2017-11-08T11:43:51.250Z :: Mozilla/5.0 (Windows NT 6.1; WOW64) AppleWebKit/537.36 (KHTML, like Gecko) Chrome/60.0.3112.113 Safari/537.36 :: ::1 :: GET :: /static/css/bootstrap-datetimepicker.min.css :: 304 :: 17.382 ms
2017-11-08T11:43:51.251Z :: Mozilla/5.0 (Windows NT 6.1; WOW64) AppleWebKit/537.36 (KHTML, like Gecko) Chrome/60.0.3112.113 Safari/537.36 :: ::1 :: GET :: /static/js/bootstrap-datetimepicker.min.js :: 304 :: 18.070 ms
2017-11-08T11:43:51.518Z :: Mozilla/5.0 (Windows NT 6.1; WOW64) AppleWebKit/537.36 (KHTML, like Gecko) Chrome/60.0.3112.113 Safari/537.36 :: ::1 :: GET :: /static/css/bootstrap.min.css.map :: 304 :: 1.054 ms
2017-11-08T11:45:05.634Z :: Mozilla/5.0 (Windows NT 6.1; WOW64) AppleWebKit/537.36 (KHTML, like Gecko) Chrome/60.0.3112.113 Safari/537.36 :: ::1 :: GET :: / :: 200 :: 41.212 ms
2017-11-08T11:45:05.681Z :: Mozilla/5.0 (Windows NT 6.1; WOW64) AppleWebKit/537.36 (KHTML, like Gecko) Chrome/60.0.3112.113 Safari/537.36 :: ::1 :: GET :: /static/js/bootstrap.min.js :: 304 :: 6.365 ms
2017-11-08T11:45:05.685Z :: Mozilla/5.0 (Windows NT 6.1; WOW64) AppleWebKit/537.36 (KHTML, like Gecko) Chrome/60.0.3112.113 Safari/537.36 :: ::1 :: GET :: /static/css/bootstrap.min.css :: 304 :: 16.088 ms
2017-11-08T11:45:05.695Z :: Mozilla/5.0 (Windows NT 6.1; WOW64) AppleWebKit/537.36 (KHTML, like Gecko) Chrome/60.0.3112.113 Safari/537.36 :: ::1 :: GET :: /static/css/bootstrap-datetimepicker.min.css :: 304 :: 19.651 ms
2017-11-08T11:45:05.702Z :: Mozilla/5.0 (Windows NT 6.1; WOW64) AppleWebKit/537.36 (KHTML, like Gecko) Chrome/60.0.3112.113 Safari/537.36 :: ::1 :: GET :: /static/js/bootstrap-datetimepicker.min.js :: 304 :: 28.805 ms
2017-11-08T11:45:05.981Z :: Mozilla/5.0 (Windows NT 6.1; WOW64) AppleWebKit/537.36 (KHTML, like Gecko) Chrome/60.0.3112.113 Safari/537.36 :: ::1 :: GET :: /static/css/bootstrap.min.css.map :: 304 :: 1.036 ms
2017-11-09T06:46:54.119Z :: Mozilla/5.0 (Windows NT 6.1; WOW64) AppleWebKit/537.36 (KHTML, like Gecko) Chrome/60.0.3112.113 Safari/537.36 :: ::1 :: GET :: / :: 200 :: 34.229 ms
2017-11-09T06:46:54.136Z :: Mozilla/5.0 (Windows NT 6.1; WOW64) AppleWebKit/537.36 (KHTML, like Gecko) Chrome/60.0.3112.113 Safari/537.36 :: ::1 :: GET :: /static/js/bootstrap.min.js :: 200 :: 8.964 ms
2017-11-09T06:46:54.140Z :: Mozilla/5.0 (Windows NT 6.1; WOW64) AppleWebKit/537.36 (KHTML, like Gecko) Chrome/60.0.3112.113 Safari/537.36 :: ::1 :: GET :: /static/css/bootstrap-datetimepicker.min.css :: 200 :: 10.775 ms
2017-11-09T06:46:54.141Z :: Mozilla/5.0 (Windows NT 6.1; WOW64) AppleWebKit/537.36 (KHTML, like Gecko) Chrome/60.0.3112.113 Safari/537.36 :: ::1 :: GET :: /static/js/bootstrap-datetimepicker.min.js :: 200 :: 11.321 ms
2017-11-09T06:46:54.142Z :: Mozilla/5.0 (Windows NT 6.1; WOW64) AppleWebKit/537.36 (KHTML, like Gecko) Chrome/60.0.3112.113 Safari/537.36 :: ::1 :: GET :: /static/css/bootstrap.min.css :: 200 :: 9.775 ms
2017-11-09T07:18:33.603Z :: Mozilla/5.0 (Windows NT 6.1; WOW64) AppleWebKit/537.36 (KHTML, like Gecko) Chrome/60.0.3112.113 Safari/537.36 :: ::1 :: GET :: / :: 200 :: 14.663 ms
2017-11-09T07:18:33.738Z :: Mozilla/5.0 (Windows NT 6.1; WOW64) AppleWebKit/537.36 (KHTML, like Gecko) Chrome/60.0.3112.113 Safari/537.36 :: ::1 :: GET :: /favicon.ico :: 404 :: 7.116 ms
2017-11-09T07:19:52.457Z :: Mozilla/5.0 (Windows NT 6.1; WOW64) AppleWebKit/537.36 (KHTML, like Gecko) Chrome/60.0.3112.113 Safari/537.36 :: ::1 :: GET :: / :: 304 :: 14.182 ms
2017-11-09T07:26:24.248Z :: Mozilla/5.0 (Windows NT 6.1; WOW64) AppleWebKit/537.36 (KHTML, like Gecko) Chrome/60.0.3112.113 Safari/537.36 :: ::1 :: OPTIONS :: /signup :: 200 :: 2.268 ms
2017-11-09T07:28:30.385Z :: Mozilla/5.0 (Windows NT 6.1; WOW64) AppleWebKit/537.36 (KHTML, like Gecko) Chrome/60.0.3112.113 Safari/537.36 :: ::1 :: OPTIONS :: /signup :: 200 :: 7.014 ms
2017-11-09T07:29:09.860Z :: Mozilla/5.0 (Windows NT 6.1; WOW64) AppleWebKit/537.36 (KHTML, like Gecko) Chrome/60.0.3112.113 Safari/537.36 :: ::1 :: GET :: / :: 304 :: 10.107 ms
2017-11-09T07:30:11.016Z :: Mozilla/5.0 (Windows NT 6.1; WOW64) AppleWebKit/537.36 (KHTML, like Gecko) Chrome/60.0.3112.113 Safari/537.36 :: ::1 :: GET :: / :: 304 :: 14.450 ms
2017-11-09T07:32:03.636Z :: Mozilla/5.0 (Windows NT 6.1; WOW64) AppleWebKit/537.36 (KHTML, like Gecko) Chrome/60.0.3112.113 Safari/537.36 :: ::1 :: OPTIONS :: /signup :: 200 :: 1.831 ms
2017-11-09T07:32:07.276Z :: Mozilla/5.0 (Windows NT 6.1; WOW64) AppleWebKit/537.36 (KHTML, like Gecko) Chrome/60.0.3112.113 Safari/537.36 :: ::1 :: OPTIONS :: /signup :: 200 :: 1.324 ms
2017-11-09T07:40:48.073Z :: Mozilla/5.0 (Windows NT 6.1; WOW64) AppleWebKit/537.36 (KHTML, like Gecko) Chrome/60.0.3112.113 Safari/537.36 :: ::1 :: OPTIONS :: /signup :: 200 :: 6.625 ms
2017-11-09T07:40:48.475Z :: Mozilla/5.0 (Windows NT 6.1; WOW64) AppleWebKit/537.36 (KHTML, like Gecko) Chrome/60.0.3112.113 Safari/537.36 :: ::1 :: POST :: /signup :: 200 :: 392.580 ms
2017-11-09T07:48:30.515Z :: Mozilla/5.0 (Windows NT 6.1; WOW64) AppleWebKit/537.36 (KHTML, like Gecko) Chrome/60.0.3112.113 Safari/537.36 :: ::1 :: OPTIONS :: /signup :: 200 :: 10.288 ms
2017-11-09T07:48:30.564Z :: Mozilla/5.0 (Windows NT 6.1; WOW64) AppleWebKit/537.36 (KHTML, like Gecko) Chrome/60.0.3112.113 Safari/537.36 :: ::1 :: POST :: /signup :: 200 :: 37.140 ms
2017-11-09T07:50:31.754Z :: Mozilla/5.0 (Windows NT 6.1; WOW64) AppleWebKit/537.36 (KHTML, like Gecko) Chrome/60.0.3112.113 Safari/537.36 :: ::1 :: OPTIONS :: /signup :: 200 :: 0.940 ms
2017-11-09T07:50:31.783Z :: Mozilla/5.0 (Windows NT 6.1; WOW64) AppleWebKit/537.36 (KHTML, like Gecko) Chrome/60.0.3112.113 Safari/537.36 :: ::1 :: POST :: /signup :: 200 :: 9.373 ms
2017-11-09T08:10:35.549Z :: Mozilla/5.0 (Windows NT 6.1; WOW64) AppleWebKit/537.36 (KHTML, like Gecko) Chrome/60.0.3112.113 Safari/537.36 :: ::1 :: OPTIONS :: /login :: 200 :: 9.682 ms
2017-11-09T08:10:35.587Z :: Mozilla/5.0 (Windows NT 6.1; WOW64) AppleWebKit/537.36 (KHTML, like Gecko) Chrome/60.0.3112.113 Safari/537.36 :: ::1 :: POST :: /login :: 200 :: 32.633 ms
2017-11-09T08:12:54.750Z :: Mozilla/5.0 (Windows NT 6.1; WOW64) AppleWebKit/537.36 (KHTML, like Gecko) Chrome/60.0.3112.113 Safari/537.36 :: ::1 :: OPTIONS :: /login :: 200 :: 0.750 ms
2017-11-09T08:12:54.771Z :: Mozilla/5.0 (Windows NT 6.1; WOW64) AppleWebKit/537.36 (KHTML, like Gecko) Chrome/60.0.3112.113 Safari/537.36 :: ::1 :: POST :: /login :: 200 :: 16.622 ms
2017-11-09T12:21:04.184Z :: Mozilla/5.0 (Windows NT 6.1; WOW64) AppleWebKit/537.36 (KHTML, like Gecko) Chrome/60.0.3112.113 Safari/537.36 :: ::1 :: OPTIONS :: /login :: 200 :: 0.574 ms
2017-11-09T12:21:04.667Z :: Mozilla/5.0 (Windows NT 6.1; WOW64) AppleWebKit/537.36 (KHTML, like Gecko) Chrome/60.0.3112.113 Safari/537.36 :: ::1 :: POST :: /login :: 200 :: 452.125 ms
2017-11-09T13:06:15.305Z :: Mozilla/5.0 (Windows NT 6.1; WOW64) AppleWebKit/537.36 (KHTML, like Gecko) Chrome/60.0.3112.113 Safari/537.36 :: ::1 :: OPTIONS :: /login :: 200 :: 0.539 ms
2017-11-09T13:06:15.365Z :: Mozilla/5.0 (Windows NT 6.1; WOW64) AppleWebKit/537.36 (KHTML, like Gecko) Chrome/60.0.3112.113 Safari/537.36 :: ::1 :: POST :: /login :: 200 :: 50.621 ms
2017-11-09T13:07:08.986Z :: Mozilla/5.0 (Windows NT 6.1; WOW64) AppleWebKit/537.36 (KHTML, like Gecko) Chrome/60.0.3112.113 Safari/537.36 :: ::1 :: OPTIONS :: /signup :: 200 :: 0.767 ms
2017-11-09T13:07:09.371Z :: Mozilla/5.0 (Windows NT 6.1; WOW64) AppleWebKit/537.36 (KHTML, like Gecko) Chrome/60.0.3112.113 Safari/537.36 :: ::1 :: POST :: /signup :: 200 :: 382.482 ms
2017-11-10T02:07:58.082Z :: Mozilla/5.0 (Windows NT 6.1; WOW64) AppleWebKit/537.36 (KHTML, like Gecko) Chrome/60.0.3112.113 Safari/537.36 :: ::1 :: OPTIONS :: /login :: 200 :: 5.746 ms
2017-11-10T02:07:58.732Z :: Mozilla/5.0 (Windows NT 6.1; WOW64) AppleWebKit/537.36 (KHTML, like Gecko) Chrome/60.0.3112.113 Safari/537.36 :: ::1 :: POST :: /login :: 200 :: 645.350 ms
2017-11-10T11:19:22.619Z :: Mozilla/5.0 (Windows NT 6.1; WOW64) AppleWebKit/537.36 (KHTML, like Gecko) Chrome/60.0.3112.113 Safari/537.36 :: ::1 :: OPTIONS :: /login :: 200 :: 8.721 ms
2017-11-10T11:19:23.047Z :: Mozilla/5.0 (Windows NT 6.1; WOW64) AppleWebKit/537.36 (KHTML, like Gecko) Chrome/60.0.3112.113 Safari/537.36 :: ::1 :: POST :: /login :: 200 :: 422.156 ms
2017-11-10T11:36:27.877Z :: Mozilla/5.0 (Windows NT 6.1; WOW64) AppleWebKit/537.36 (KHTML, like Gecko) Chrome/60.0.3112.113 Safari/537.36 :: ::1 :: OPTIONS :: /login :: 200 :: 6.847 ms
2017-11-10T11:36:27.937Z :: Mozilla/5.0 (Windows NT 6.1; WOW64) AppleWebKit/537.36 (KHTML, like Gecko) Chrome/60.0.3112.113 Safari/537.36 :: ::1 :: POST :: /login :: 200 :: 46.497 ms
2017-11-10T12:01:56.958Z :: Mozilla/5.0 (Windows NT 6.1; WOW64) AppleWebKit/537.36 (KHTML, like Gecko) Chrome/60.0.3112.113 Safari/537.36 :: ::1 :: GET :: /logout :: 404 :: 6.862 ms
2017-11-10T12:02:50.453Z :: Mozilla/5.0 (Windows NT 6.1; WOW64) AppleWebKit/537.36 (KHTML, like Gecko) Chrome/60.0.3112.113 Safari/537.36 :: ::1 :: GET :: /logout :: 404 :: 3.061 ms
2017-11-10T12:03:07.293Z :: Mozilla/5.0 (Windows NT 6.1; WOW64) AppleWebKit/537.36 (KHTML, like Gecko) Chrome/60.0.3112.113 Safari/537.36 :: ::1 :: OPTIONS :: /login :: 200 :: 0.527 ms
2017-11-10T12:03:07.393Z :: Mozilla/5.0 (Windows NT 6.1; WOW64) AppleWebKit/537.36 (KHTML, like Gecko) Chrome/60.0.3112.113 Safari/537.36 :: ::1 :: POST :: /login :: 200 :: 91.414 ms
2017-11-10T12:03:39.478Z :: Mozilla/5.0 (Windows NT 6.1; WOW64) AppleWebKit/537.36 (KHTML, like Gecko) Chrome/60.0.3112.113 Safari/537.36 :: ::1 :: GET :: /logout :: 404 :: 1.675 ms
2017-11-10T12:24:15.744Z :: Mozilla/5.0 (Windows NT 6.1; WOW64) AppleWebKit/537.36 (KHTML, like Gecko) Chrome/60.0.3112.113 Safari/537.36 :: ::1 :: OPTIONS :: /login :: 200 :: 1.017 ms
2017-11-10T12:24:15.774Z :: Mozilla/5.0 (Windows NT 6.1; WOW64) AppleWebKit/537.36 (KHTML, like Gecko) Chrome/60.0.3112.113 Safari/537.36 :: ::1 :: POST :: /login :: 200 :: 15.374 ms
2017-11-10T12:47:32.734Z :: Mozilla/5.0 (Windows NT 6.1; WOW64) AppleWebKit/537.36 (KHTML, like Gecko) Chrome/60.0.3112.113 Safari/537.36 :: ::1 :: GET :: /logout :: 404 :: 1.501 ms
2017-11-10T12:47:44.704Z :: Mozilla/5.0 (Windows NT 6.1; WOW64) AppleWebKit/537.36 (KHTML, like Gecko) Chrome/60.0.3112.113 Safari/537.36 :: ::1 :: OPTIONS :: /login :: 200 :: 0.522 ms
2017-11-10T12:47:44.719Z :: Mozilla/5.0 (Windows NT 6.1; WOW64) AppleWebKit/537.36 (KHTML, like Gecko) Chrome/60.0.3112.113 Safari/537.36 :: ::1 :: POST :: /login :: 200 :: 3.187 ms
2017-11-10T12:51:08.559Z :: Mozilla/5.0 (Windows NT 6.1; WOW64) AppleWebKit/537.36 (KHTML, like Gecko) Chrome/60.0.3112.113 Safari/537.36 :: ::1 :: GET :: /logout :: 404 :: 1.514 ms
2017-11-11T01:49:02.718Z :: Mozilla/5.0 (Windows NT 6.1; WOW64) AppleWebKit/537.36 (KHTML, like Gecko) Chrome/60.0.3112.113 Safari/537.36 :: ::1 :: OPTIONS :: /login :: 200 :: 7.481 ms
2017-11-11T01:49:03.068Z :: Mozilla/5.0 (Windows NT 6.1; WOW64) AppleWebKit/537.36 (KHTML, like Gecko) Chrome/60.0.3112.113 Safari/537.36 :: ::1 :: POST :: /login :: 200 :: 344.528 ms
2017-11-11T01:49:24.911Z :: Mozilla/5.0 (Windows NT 6.1; WOW64) AppleWebKit/537.36 (KHTML, like Gecko) Chrome/60.0.3112.113 Safari/537.36 :: ::1 :: GET :: /logout :: 404 :: 18.726 ms
2017-11-11T06:12:22.351Z :: Mozilla/5.0 (Windows NT 6.1; WOW64) AppleWebKit/537.36 (KHTML, like Gecko) Chrome/60.0.3112.113 Safari/537.36 :: ::1 :: OPTIONS :: /login :: 200 :: 9.047 ms
2017-11-11T06:12:22.398Z :: Mozilla/5.0 (Windows NT 6.1; WOW64) AppleWebKit/537.36 (KHTML, like Gecko) Chrome/60.0.3112.113 Safari/537.36 :: ::1 :: POST :: /login :: 200 :: 40.225 ms
2017-11-11T06:13:20.881Z :: Mozilla/5.0 (Windows NT 6.1; WOW64) AppleWebKit/537.36 (KHTML, like Gecko) Chrome/60.0.3112.113 Safari/537.36 :: ::1 :: GET :: /logout :: 404 :: 5.245 ms
2017-11-11T07:24:34.849Z :: Mozilla/5.0 (Windows NT 6.1; WOW64) AppleWebKit/537.36 (KHTML, like Gecko) Chrome/60.0.3112.113 Safari/537.36 :: ::1 :: OPTIONS :: /signup :: 200 :: 5.810 ms
2017-11-11T07:24:35.276Z :: Mozilla/5.0 (Windows NT 6.1; WOW64) AppleWebKit/537.36 (KHTML, like Gecko) Chrome/60.0.3112.113 Safari/537.36 :: ::1 :: POST :: /signup :: 200 :: 422.802 ms
2017-11-11T07:33:59.419Z :: Mozilla/5.0 (Windows NT 6.1; WOW64) AppleWebKit/537.36 (KHTML, like Gecko) Chrome/60.0.3112.113 Safari/537.36 :: ::1 :: OPTIONS :: /login :: 200 :: 0.797 ms
2017-11-11T07:33:59.443Z :: Mozilla/5.0 (Windows NT 6.1; WOW64) AppleWebKit/537.36 (KHTML, like Gecko) Chrome/60.0.3112.113 Safari/537.36 :: ::1 :: POST :: /login :: 200 :: 21.009 ms
2017-11-11T07:34:04.968Z :: Mozilla/5.0 (Windows NT 6.1; WOW64) AppleWebKit/537.36 (KHTML, like Gecko) Chrome/60.0.3112.113 Safari/537.36 :: ::1 :: GET :: /logout :: 404 :: 7.220 ms
2017-11-11T07:34:28.380Z :: Mozilla/5.0 (Windows NT 6.1; WOW64) AppleWebKit/537.36 (KHTML, like Gecko) Chrome/60.0.3112.113 Safari/537.36 :: ::1 :: OPTIONS :: /signup :: 200 :: 0.444 ms
2017-11-11T07:34:28.406Z :: Mozilla/5.0 (Windows NT 6.1; WOW64) AppleWebKit/537.36 (KHTML, like Gecko) Chrome/60.0.3112.113 Safari/537.36 :: ::1 :: POST :: /signup :: 200 :: 9.991 ms
2017-11-11T07:40:07.947Z :: Mozilla/5.0 (Windows NT 6.1; WOW64) AppleWebKit/537.36 (KHTML, like Gecko) Chrome/60.0.3112.113 Safari/537.36 :: ::1 :: OPTIONS :: /signup :: 200 :: 8.554 ms
2017-11-11T07:40:08.044Z :: Mozilla/5.0 (Windows NT 6.1; WOW64) AppleWebKit/537.36 (KHTML, like Gecko) Chrome/60.0.3112.113 Safari/537.36 :: ::1 :: POST :: /signup :: 200 :: 92.298 ms
2017-11-11T07:42:37.203Z :: Mozilla/5.0 (Windows NT 6.1; WOW64) AppleWebKit/537.36 (KHTML, like Gecko) Chrome/60.0.3112.113 Safari/537.36 :: ::1 :: OPTIONS :: /login :: 200 :: 0.678 ms
2017-11-11T07:42:37.270Z :: Mozilla/5.0 (Windows NT 6.1; WOW64) AppleWebKit/537.36 (KHTML, like Gecko) Chrome/60.0.3112.113 Safari/537.36 :: ::1 :: POST :: /login :: 200 :: 65.625 ms
2017-11-11T07:43:16.516Z :: Mozilla/5.0 (Windows NT 6.1; WOW64) AppleWebKit/537.36 (KHTML, like Gecko) Chrome/60.0.3112.113 Safari/537.36 :: ::1 :: GET :: /logout :: 404 :: 13.579 ms
2017-11-11T07:55:08.117Z :: Mozilla/5.0 (Windows NT 6.1; WOW64) AppleWebKit/537.36 (KHTML, like Gecko) Chrome/60.0.3112.113 Safari/537.36 :: ::1 :: OPTIONS :: /signup :: 200 :: 0.381 ms
2017-11-11T07:55:08.139Z :: Mozilla/5.0 (Windows NT 6.1; WOW64) AppleWebKit/537.36 (KHTML, like Gecko) Chrome/60.0.3112.113 Safari/537.36 :: ::1 :: POST :: /signup :: 200 :: 8.589 ms
2017-11-11T07:56:18.330Z :: Mozilla/5.0 (Windows NT 6.1; WOW64) AppleWebKit/537.36 (KHTML, like Gecko) Chrome/60.0.3112.113 Safari/537.36 :: ::1 :: OPTIONS :: /signup :: 200 :: 0.887 ms
2017-11-11T07:56:18.357Z :: Mozilla/5.0 (Windows NT 6.1; WOW64) AppleWebKit/537.36 (KHTML, like Gecko) Chrome/60.0.3112.113 Safari/537.36 :: ::1 :: POST :: /signup :: 200 :: 5.780 ms
2017-11-11T08:00:41.206Z :: Mozilla/5.0 (Windows NT 6.1; WOW64) AppleWebKit/537.36 (KHTML, like Gecko) Chrome/60.0.3112.113 Safari/537.36 :: ::1 :: OPTIONS :: /login :: 200 :: 0.400 ms
2017-11-11T08:00:41.212Z :: Mozilla/5.0 (Windows NT 6.1; WOW64) AppleWebKit/537.36 (KHTML, like Gecko) Chrome/60.0.3112.113 Safari/537.36 :: ::1 :: POST :: /login :: 200 :: 3.883 ms
2017-11-11T08:00:59.087Z :: Mozilla/5.0 (Windows NT 6.1; WOW64) AppleWebKit/537.36 (KHTML, like Gecko) Chrome/60.0.3112.113 Safari/537.36 :: ::1 :: GET :: /logout :: 404 :: 2.056 ms
2017-11-11T08:10:07.013Z :: Mozilla/5.0 (Windows NT 6.1; WOW64) AppleWebKit/537.36 (KHTML, like Gecko) Chrome/60.0.3112.113 Safari/537.36 :: ::1 :: OPTIONS :: /signup :: 200 :: 0.507 ms
2017-11-11T08:10:07.036Z :: Mozilla/5.0 (Windows NT 6.1; WOW64) AppleWebKit/537.36 (KHTML, like Gecko) Chrome/60.0.3112.113 Safari/537.36 :: ::1 :: POST :: /signup :: 200 :: 4.354 ms
2017-11-11T08:15:24.398Z :: Mozilla/5.0 (Windows NT 6.1; WOW64) AppleWebKit/537.36 (KHTML, like Gecko) Chrome/60.0.3112.113 Safari/537.36 :: ::1 :: OPTIONS :: /signup :: 200 :: 0.494 ms
2017-11-11T08:15:24.421Z :: Mozilla/5.0 (Windows NT 6.1; WOW64) AppleWebKit/537.36 (KHTML, like Gecko) Chrome/60.0.3112.113 Safari/537.36 :: ::1 :: POST :: /signup :: 200 :: 5.171 ms
2017-11-11T08:18:23.747Z :: Mozilla/5.0 (Windows NT 6.1; WOW64) AppleWebKit/537.36 (KHTML, like Gecko) Chrome/60.0.3112.113 Safari/537.36 :: ::1 :: OPTIONS :: /signup :: 200 :: 0.780 ms
2017-11-11T08:18:23.764Z :: Mozilla/5.0 (Windows NT 6.1; WOW64) AppleWebKit/537.36 (KHTML, like Gecko) Chrome/60.0.3112.113 Safari/537.36 :: ::1 :: POST :: /signup :: 200 :: 4.775 ms
2017-11-11T08:25:54.278Z :: Mozilla/5.0 (Windows NT 6.1; WOW64) AppleWebKit/537.36 (KHTML, like Gecko) Chrome/60.0.3112.113 Safari/537.36 :: ::1 :: OPTIONS :: /signup :: 200 :: 0.372 ms
2017-11-11T08:25:54.300Z :: Mozilla/5.0 (Windows NT 6.1; WOW64) AppleWebKit/537.36 (KHTML, like Gecko) Chrome/60.0.3112.113 Safari/537.36 :: ::1 :: POST :: /signup :: 200 :: 8.489 ms
2017-11-11T11:58:25.281Z :: Mozilla/5.0 (Windows NT 6.1; WOW64) AppleWebKit/537.36 (KHTML, like Gecko) Chrome/60.0.3112.113 Safari/537.36 :: ::1 :: GET :: / :: 200 :: 9.652 ms
2017-11-11T11:58:39.730Z :: Mozilla/5.0 (Windows NT 6.1; WOW64) AppleWebKit/537.36 (KHTML, like Gecko) Chrome/60.0.3112.113 Safari/537.36 :: ::1 :: GET :: /signup :: 404 :: 4.500 ms
2017-11-11T12:05:07.496Z :: Mozilla/5.0 (Windows NT 6.1; WOW64) AppleWebKit/537.36 (KHTML, like Gecko) Chrome/60.0.3112.113 Safari/537.36 :: ::1 :: GET :: / :: 200 :: 10.756 ms
2017-11-11T12:09:37.117Z :: Mozilla/5.0 (Windows NT 6.1; WOW64) AppleWebKit/537.36 (KHTML, like Gecko) Chrome/60.0.3112.113 Safari/537.36 :: ::1 :: GET :: /captcha :: 500 :: 10.002 ms
2017-11-11T12:19:11.575Z :: Mozilla/5.0 (Windows NT 6.1; WOW64) AppleWebKit/537.36 (KHTML, like Gecko) Chrome/60.0.3112.113 Safari/537.36 :: ::1 :: OPTIONS :: /signup :: 200 :: 4.406 ms
2017-11-11T12:19:14.259Z :: Mozilla/5.0 (Windows NT 6.1; WOW64) AppleWebKit/537.36 (KHTML, like Gecko) Chrome/60.0.3112.113 Safari/537.36 :: ::1 :: POST :: /signup :: 500 :: 2672.752 ms
2017-11-11T12:21:33.983Z :: Mozilla/5.0 (Windows NT 6.1; WOW64) AppleWebKit/537.36 (KHTML, like Gecko) Chrome/60.0.3112.113 Safari/537.36 :: ::1 :: OPTIONS :: /signup :: 200 :: 8.279 ms
2017-11-11T12:21:34.026Z :: Mozilla/5.0 (Windows NT 6.1; WOW64) AppleWebKit/537.36 (KHTML, like Gecko) Chrome/60.0.3112.113 Safari/537.36 :: ::1 :: POST :: /signup :: 500 :: 35.691 ms
2017-11-11T12:21:56.782Z :: Mozilla/5.0 (Windows NT 6.1; WOW64) AppleWebKit/537.36 (KHTML, like Gecko) Chrome/60.0.3112.113 Safari/537.36 :: ::1 :: OPTIONS :: /login :: 200 :: 1.141 ms
2017-11-11T12:21:57.448Z :: Mozilla/5.0 (Windows NT 6.1; WOW64) AppleWebKit/537.36 (KHTML, like Gecko) Chrome/60.0.3112.113 Safari/537.36 :: ::1 :: POST :: /login :: 500 :: 656.095 ms
2017-11-11T12:22:28.156Z :: Mozilla/5.0 (Windows NT 6.1; WOW64) AppleWebKit/537.36 (KHTML, like Gecko) Chrome/60.0.3112.113 Safari/537.36 :: ::1 :: GET :: /login :: 500 :: 3.600 ms
2017-11-11T12:23:58.521Z :: Mozilla/5.0 (Windows NT 6.1; WOW64) AppleWebKit/537.36 (KHTML, like Gecko) Chrome/60.0.3112.113 Safari/537.36 :: ::1 :: GET :: / :: 304 :: 13.472 ms
2017-11-11T12:23:58.686Z :: Mozilla/5.0 (Windows NT 6.1; WOW64) AppleWebKit/537.36 (KHTML, like Gecko) Chrome/60.0.3112.113 Safari/537.36 :: ::1 :: GET :: /favicon.ico :: 500 :: 5.029 ms
2017-11-11T12:24:24.966Z :: Mozilla/5.0 (Windows NT 6.1; WOW64) AppleWebKit/537.36 (KHTML, like Gecko) Chrome/60.0.3112.113 Safari/537.36 :: ::1 :: OPTIONS :: /login :: 200 :: 1.090 ms
2017-11-11T12:24:25.026Z :: Mozilla/5.0 (Windows NT 6.1; WOW64) AppleWebKit/537.36 (KHTML, like Gecko) Chrome/60.0.3112.113 Safari/537.36 :: ::1 :: POST :: /login :: 200 :: 52.994 ms
2017-11-11T12:24:31.910Z :: Mozilla/5.0 (Windows NT 6.1; WOW64) AppleWebKit/537.36 (KHTML, like Gecko) Chrome/60.0.3112.113 Safari/537.36 :: ::1 :: GET :: /logout :: 500 :: 55.495 ms
2017-11-11T12:24:57.374Z :: Mozilla/5.0 (Windows NT 6.1; WOW64) AppleWebKit/537.36 (KHTML, like Gecko) Chrome/60.0.3112.113 Safari/537.36 :: ::1 :: OPTIONS :: /signup :: 200 :: 0.551 ms
2017-11-11T12:24:57.391Z :: Mozilla/5.0 (Windows NT 6.1; WOW64) AppleWebKit/537.36 (KHTML, like Gecko) Chrome/60.0.3112.113 Safari/537.36 :: ::1 :: POST :: /signup :: 500 :: 2.017 ms
2017-11-11T12:27:41.782Z :: Mozilla/5.0 (Windows NT 6.1; WOW64) AppleWebKit/537.36 (KHTML, like Gecko) Chrome/60.0.3112.113 Safari/537.36 :: ::1 :: GET :: / :: 200 :: 9.795 ms
2017-11-11T12:27:41.958Z :: Mozilla/5.0 (Windows NT 6.1; WOW64) AppleWebKit/537.36 (KHTML, like Gecko) Chrome/60.0.3112.113 Safari/537.36 :: ::1 :: GET :: /favicon.ico :: 500 :: 4.221 ms
2017-11-11T12:28:28.911Z :: Mozilla/5.0 (Windows NT 6.1; WOW64) AppleWebKit/537.36 (KHTML, like Gecko) Chrome/60.0.3112.113 Safari/537.36 :: ::1 :: GET :: / :: 200 :: 11.020 ms
2017-11-11T12:28:29.096Z :: Mozilla/5.0 (Windows NT 6.1; WOW64) AppleWebKit/537.36 (KHTML, like Gecko) Chrome/60.0.3112.113 Safari/537.36 :: ::1 :: GET :: /favicon.ico :: 500 :: 8.502 ms
2017-11-11T12:29:25.351Z :: Mozilla/5.0 (Windows NT 6.1; WOW64) AppleWebKit/537.36 (KHTML, like Gecko) Chrome/60.0.3112.113 Safari/537.36 :: ::1 :: GET :: / :: 304 :: 10.145 ms
2017-11-11T12:29:25.525Z :: Mozilla/5.0 (Windows NT 6.1; WOW64) AppleWebKit/537.36 (KHTML, like Gecko) Chrome/60.0.3112.113 Safari/537.36 :: ::1 :: GET :: /favicon.ico :: 500 :: 4.167 ms
2017-11-11T12:29:44.453Z :: Mozilla/5.0 (Windows NT 6.1; WOW64) AppleWebKit/537.36 (KHTML, like Gecko) Chrome/60.0.3112.113 Safari/537.36 :: ::1 :: OPTIONS :: /login :: 200 :: 4.333 ms
2017-11-11T12:29:44.544Z :: Mozilla/5.0 (Windows NT 6.1; WOW64) AppleWebKit/537.36 (KHTML, like Gecko) Chrome/60.0.3112.113 Safari/537.36 :: ::1 :: POST :: /login :: 200 :: 68.302 ms
2017-11-11T12:29:47.397Z :: Mozilla/5.0 (Windows NT 6.1; WOW64) AppleWebKit/537.36 (KHTML, like Gecko) Chrome/60.0.3112.113 Safari/537.36 :: ::1 :: GET :: /logout :: 500 :: 17.440 ms
2017-11-11T12:31:00.780Z :: Mozilla/5.0 (Windows NT 6.1; WOW64) AppleWebKit/537.36 (KHTML, like Gecko) Chrome/60.0.3112.113 Safari/537.36 :: ::1 :: OPTIONS :: /signup :: 200 :: 1.102 ms
2017-11-11T12:31:00.807Z :: Mozilla/5.0 (Windows NT 6.1; WOW64) AppleWebKit/537.36 (KHTML, like Gecko) Chrome/60.0.3112.113 Safari/537.36 :: ::1 :: POST :: /signup :: 500 :: 7.086 ms
2017-11-11T12:44:01.670Z :: Mozilla/5.0 (Windows NT 6.1; WOW64) AppleWebKit/537.36 (KHTML, like Gecko) Chrome/60.0.3112.113 Safari/537.36 :: ::1 :: GET :: / :: 304 :: 6.318 ms
2017-11-11T12:44:01.870Z :: Mozilla/5.0 (Windows NT 6.1; WOW64) AppleWebKit/537.36 (KHTML, like Gecko) Chrome/60.0.3112.113 Safari/537.36 :: ::1 :: GET :: /favicon.ico :: 500 :: 1.611 ms
2017-11-11T12:51:22.849Z :: Mozilla/5.0 (Windows NT 6.1; WOW64) AppleWebKit/537.36 (KHTML, like Gecko) Chrome/60.0.3112.113 Safari/537.36 :: ::1 :: OPTIONS :: /signup :: 200 :: 3.768 ms
2017-11-11T12:51:22.891Z :: Mozilla/5.0 (Windows NT 6.1; WOW64) AppleWebKit/537.36 (KHTML, like Gecko) Chrome/60.0.3112.113 Safari/537.36 :: ::1 :: POST :: /signup :: 500 :: 27.462 ms
2017-11-12T01:26:19.542Z :: Mozilla/5.0 (Windows NT 6.1; WOW64) AppleWebKit/537.36 (KHTML, like Gecko) Chrome/60.0.3112.113 Safari/537.36 :: ::1 :: OPTIONS :: /login :: 200 :: 5.147 ms
2017-11-12T01:26:19.906Z :: Mozilla/5.0 (Windows NT 6.1; WOW64) AppleWebKit/537.36 (KHTML, like Gecko) Chrome/60.0.3112.113 Safari/537.36 :: ::1 :: POST :: /login :: 200 :: 350.156 ms
2017-11-12T01:26:28.571Z :: Mozilla/5.0 (Windows NT 6.1; WOW64) AppleWebKit/537.36 (KHTML, like Gecko) Chrome/60.0.3112.113 Safari/537.36 :: ::1 :: GET :: /logout :: 500 :: 5.439 ms
2017-11-12T01:37:29.204Z :: Mozilla/5.0 (Windows NT 6.1; WOW64) AppleWebKit/537.36 (KHTML, like Gecko) Chrome/60.0.3112.113 Safari/537.36 :: ::1 :: OPTIONS :: /signup :: 200 :: 0.469 ms
2017-11-12T01:37:29.223Z :: Mozilla/5.0 (Windows NT 6.1; WOW64) AppleWebKit/537.36 (KHTML, like Gecko) Chrome/60.0.3112.113 Safari/537.36 :: ::1 :: POST :: /signup :: 500 :: 4.108 ms
2017-11-12T01:39:43.138Z :: Mozilla/5.0 (Windows NT 6.1; WOW64) AppleWebKit/537.36 (KHTML, like Gecko) Chrome/60.0.3112.113 Safari/537.36 :: ::1 :: OPTIONS :: /signup :: 200 :: 0.225 ms
2017-11-12T01:39:43.179Z :: Mozilla/5.0 (Windows NT 6.1; WOW64) AppleWebKit/537.36 (KHTML, like Gecko) Chrome/60.0.3112.113 Safari/537.36 :: ::1 :: POST :: /signup :: 500 :: 3.663 ms
2017-11-12T01:42:30.478Z :: Mozilla/5.0 (Windows NT 6.1; WOW64) AppleWebKit/537.36 (KHTML, like Gecko) Chrome/60.0.3112.113 Safari/537.36 :: ::1 :: OPTIONS :: /signup :: 200 :: 0.224 ms
2017-11-12T01:42:30.506Z :: Mozilla/5.0 (Windows NT 6.1; WOW64) AppleWebKit/537.36 (KHTML, like Gecko) Chrome/60.0.3112.113 Safari/537.36 :: ::1 :: POST :: /signup :: 500 :: 4.906 ms
2017-11-12T01:44:38.945Z :: Mozilla/5.0 (Windows NT 6.1; WOW64) AppleWebKit/537.36 (KHTML, like Gecko) Chrome/60.0.3112.113 Safari/537.36 :: ::1 :: OPTIONS :: /signup :: 200 :: 0.370 ms
2017-11-12T01:44:38.974Z :: Mozilla/5.0 (Windows NT 6.1; WOW64) AppleWebKit/537.36 (KHTML, like Gecko) Chrome/60.0.3112.113 Safari/537.36 :: ::1 :: POST :: /signup :: 500 :: 1.744 ms
2017-11-12T01:52:45.143Z :: Mozilla/5.0 (Windows NT 6.1; WOW64) AppleWebKit/537.36 (KHTML, like Gecko) Chrome/60.0.3112.113 Safari/537.36 :: ::1 :: OPTIONS :: /login :: 200 :: 5.145 ms
2017-11-12T01:52:45.215Z :: Mozilla/5.0 (Windows NT 6.1; WOW64) AppleWebKit/537.36 (KHTML, like Gecko) Chrome/60.0.3112.113 Safari/537.36 :: ::1 :: POST :: /login :: 200 :: 59.100 ms
2017-11-12T01:52:49.893Z :: Mozilla/5.0 (Windows NT 6.1; WOW64) AppleWebKit/537.36 (KHTML, like Gecko) Chrome/60.0.3112.113 Safari/537.36 :: ::1 :: GET :: /logout :: 304 :: 6.425 ms
2017-11-12T01:53:14.163Z :: Mozilla/5.0 (Windows NT 6.1; WOW64) AppleWebKit/537.36 (KHTML, like Gecko) Chrome/60.0.3112.113 Safari/537.36 :: ::1 :: OPTIONS :: /signup :: 200 :: 0.728 ms
2017-11-12T01:53:14.350Z :: Mozilla/5.0 (Windows NT 6.1; WOW64) AppleWebKit/537.36 (KHTML, like Gecko) Chrome/60.0.3112.113 Safari/537.36 :: ::1 :: POST :: /signup :: 200 :: 176.497 ms
2017-11-12T02:02:27.416Z :: Mozilla/5.0 (Windows NT 6.1; WOW64) AppleWebKit/537.36 (KHTML, like Gecko) Chrome/60.0.3112.113 Safari/537.36 :: ::1 :: OPTIONS :: /signup :: 200 :: 8.220 ms
2017-11-12T02:02:27.483Z :: Mozilla/5.0 (Windows NT 6.1; WOW64) AppleWebKit/537.36 (KHTML, like Gecko) Chrome/60.0.3112.113 Safari/537.36 :: ::1 :: POST :: /signup :: 200 :: 56.762 ms
2017-11-12T02:02:37.268Z :: Mozilla/5.0 (Windows NT 6.1; WOW64) AppleWebKit/537.36 (KHTML, like Gecko) Chrome/60.0.3112.113 Safari/537.36 :: ::1 :: GET :: /logout :: 304 :: 3.553 ms
2017-11-12T02:04:15.026Z :: Mozilla/5.0 (Windows NT 6.1; WOW64) AppleWebKit/537.36 (KHTML, like Gecko) Chrome/60.0.3112.113 Safari/537.36 :: ::1 :: OPTIONS :: /signup :: 200 :: 1.527 ms
2017-11-12T02:04:15.366Z :: Mozilla/5.0 (Windows NT 6.1; WOW64) AppleWebKit/537.36 (KHTML, like Gecko) Chrome/60.0.3112.113 Safari/537.36 :: ::1 :: POST :: /signup :: 200 :: 333.039 ms
